c:\users\hayde_tcy3gad\desktop\stuf i want on c drive but cant be assed putting in c drive so its on my desktop now\.devstuff\githubrepos\tsu_gameprogrammingfundimentals\week4_containers_circles\circles\x64\debug\vc143.pdb
c:\users\hayde_tcy3gad\desktop\stuf i want on c drive but cant be assed putting in c drive so its on my desktop now\.devstuff\githubrepos\tsu_gameprogrammingfundimentals\week4_containers_circles\circles\x64\debug\vc143.idb
c:\users\hayde_tcy3gad\desktop\stuf i want on c drive but cant be assed putting in c drive so its on my desktop now\.devstuff\githubrepos\tsu_gameprogrammingfundimentals\week4_containers_circles\circles\x64\debug\main.obj
c:\users\hayde_tcy3gad\desktop\stuf i want on c drive but cant be assed putting in c drive so its on my desktop now\.devstuff\githubrepos\tsu_gameprogrammingfundimentals\week4_containers_circles\circles\x64\debug\framework.obj
c:\users\hayde_tcy3gad\desktop\stuf i want on c drive but cant be assed putting in c drive so its on my desktop now\.devstuff\githubrepos\tsu_gameprogrammingfundimentals\week4_containers_circles\x64\debug\circles.exe
c:\users\hayde_tcy3gad\desktop\stuf i want on c drive but cant be assed putting in c drive so its on my desktop now\.devstuff\githubrepos\tsu_gameprogrammingfundimentals\week4_containers_circles\x64\debug\circles.pdb
c:\users\hayde_tcy3gad\desktop\stuf i want on c drive but cant be assed putting in c drive so its on my desktop now\.devstuff\githubrepos\tsu_gameprogrammingfundimentals\week4_containers_circles\circles\x64\debug\circles.ilk
c:\users\hayde_tcy3gad\desktop\eichenplatte\.devstuff\githubrepos\tu_gpf_cpp\week4_containers_circles\circles\x64\debug\framework.obj
c:\users\hayde_tcy3gad\desktop\eichenplatte\.devstuff\githubrepos\tu_gpf_cpp\week4_containers_circles\circles\x64\debug\main.obj
c:\users\hayde_tcy3gad\desktop\eichenplatte\.devstuff\githubrepos\tu_gpf_cpp\week4_containers_circles\circles\x64\debug\circles.ilk
c:\users\hayde_tcy3gad\desktop\eichenplatte\.devstuff\githubrepos\tu_gpf_cpp\week4_containers_circles\circles\x64\debug\vc143.idb
c:\users\hayde_tcy3gad\desktop\eichenplatte\.devstuff\githubrepos\tu_gpf_cpp\week4_containers_circles\circles\x64\debug\vc143.pdb
c:\users\hayde_tcy3gad\desktop\eichenplatte\.devstuff\githubrepos\tu_gpf_cpp\week4_containers_circles\x64\debug\circles.pdb
c:\users\hayde_tcy3gad\desktop\eichenplatte\.devstuff\githubrepos\tu_gpf_cpp\week4_containers_circles\x64\debug\circles.exe
c:\users\hayde_tcy3gad\desktop\eichenplatte\.devstuff\githubrepos\tu_gpf_cpp\week4_containers_circles\circles\x64\debug\circles.tlog\cl.command.1.tlog
c:\users\hayde_tcy3gad\desktop\eichenplatte\.devstuff\githubrepos\tu_gpf_cpp\week4_containers_circles\circles\x64\debug\circles.tlog\cl.items.tlog
c:\users\hayde_tcy3gad\desktop\eichenplatte\.devstuff\githubrepos\tu_gpf_cpp\week4_containers_circles\circles\x64\debug\circles.tlog\cl.read.1.tlog
c:\users\hayde_tcy3gad\desktop\eichenplatte\.devstuff\githubrepos\tu_gpf_cpp\week4_containers_circles\circles\x64\debug\circles.tlog\cl.write.1.tlog
c:\users\hayde_tcy3gad\desktop\eichenplatte\.devstuff\githubrepos\tu_gpf_cpp\week4_containers_circles\circles\x64\debug\circles.tlog\link.command.1.tlog
c:\users\hayde_tcy3gad\desktop\eichenplatte\.devstuff\githubrepos\tu_gpf_cpp\week4_containers_circles\circles\x64\debug\circles.tlog\link.read.1.tlog
c:\users\hayde_tcy3gad\desktop\eichenplatte\.devstuff\githubrepos\tu_gpf_cpp\week4_containers_circles\circles\x64\debug\circles.tlog\link.secondary.1.tlog
c:\users\hayde_tcy3gad\desktop\eichenplatte\.devstuff\githubrepos\tu_gpf_cpp\week4_containers_circles\circles\x64\debug\circles.tlog\link.write.1.tlog
