c:\users\hayde_tcy3gad\desktop\eichenplatte\.devstuff\githubrepos\tsu_gameprogrammingfundimentals\week5_structures\circles\x64\debug\vc143.pdb
c:\users\hayde_tcy3gad\desktop\eichenplatte\.devstuff\githubrepos\tsu_gameprogrammingfundimentals\week5_structures\circles\x64\debug\vc143.idb
c:\users\hayde_tcy3gad\desktop\eichenplatte\.devstuff\githubrepos\tsu_gameprogrammingfundimentals\week5_structures\circles\x64\debug\main.obj
c:\users\hayde_tcy3gad\desktop\eichenplatte\.devstuff\githubrepos\tsu_gameprogrammingfundimentals\week5_structures\circles\x64\debug\framework.obj
c:\users\hayde_tcy3gad\desktop\eichenplatte\.devstuff\githubrepos\tsu_gameprogrammingfundimentals\week5_structures\circles\x64\debug\circle.obj
c:\users\hayde_tcy3gad\desktop\eichenplatte\.devstuff\githubrepos\tsu_gameprogrammingfundimentals\week5_structures\x64\debug\circles.exe
c:\users\hayde_tcy3gad\desktop\eichenplatte\.devstuff\githubrepos\tsu_gameprogrammingfundimentals\week5_structures\x64\debug\circles.pdb
c:\users\hayde_tcy3gad\desktop\eichenplatte\.devstuff\githubrepos\tsu_gameprogrammingfundimentals\week5_structures\circles\x64\debug\circles.ilk
c:\users\hayde_tcy3gad\desktop\eichenplatte\.devstuff\githubrepos\tu_gpf_cpp\week5_structures\circles\x64\debug\circle.obj
c:\users\hayde_tcy3gad\desktop\eichenplatte\.devstuff\githubrepos\tu_gpf_cpp\week5_structures\circles\x64\debug\framework.obj
c:\users\hayde_tcy3gad\desktop\eichenplatte\.devstuff\githubrepos\tu_gpf_cpp\week5_structures\circles\x64\debug\main.obj
c:\users\hayde_tcy3gad\desktop\eichenplatte\.devstuff\githubrepos\tu_gpf_cpp\week5_structures\circles\x64\debug\main.obj.enc
c:\users\hayde_tcy3gad\desktop\eichenplatte\.devstuff\githubrepos\tu_gpf_cpp\week5_structures\circles\x64\debug\circles.ilk
c:\users\hayde_tcy3gad\desktop\eichenplatte\.devstuff\githubrepos\tu_gpf_cpp\week5_structures\circles\x64\debug\vc143.idb
c:\users\hayde_tcy3gad\desktop\eichenplatte\.devstuff\githubrepos\tu_gpf_cpp\week5_structures\circles\x64\debug\vc143.pdb
c:\users\hayde_tcy3gad\desktop\eichenplatte\.devstuff\githubrepos\tu_gpf_cpp\week5_structures\x64\debug\circles.pdb
c:\users\hayde_tcy3gad\desktop\eichenplatte\.devstuff\githubrepos\tu_gpf_cpp\week5_structures\x64\debug\circles.exe
c:\users\hayde_tcy3gad\desktop\eichenplatte\.devstuff\githubrepos\tu_gpf_cpp\week5_structures\circles\x64\debug\circles.tlog\cl.command.1.tlog
c:\users\hayde_tcy3gad\desktop\eichenplatte\.devstuff\githubrepos\tu_gpf_cpp\week5_structures\circles\x64\debug\circles.tlog\cl.items.tlog
c:\users\hayde_tcy3gad\desktop\eichenplatte\.devstuff\githubrepos\tu_gpf_cpp\week5_structures\circles\x64\debug\circles.tlog\cl.read.1.tlog
c:\users\hayde_tcy3gad\desktop\eichenplatte\.devstuff\githubrepos\tu_gpf_cpp\week5_structures\circles\x64\debug\circles.tlog\cl.write.1.tlog
c:\users\hayde_tcy3gad\desktop\eichenplatte\.devstuff\githubrepos\tu_gpf_cpp\week5_structures\circles\x64\debug\circles.tlog\link.command.1.tlog
c:\users\hayde_tcy3gad\desktop\eichenplatte\.devstuff\githubrepos\tu_gpf_cpp\week5_structures\circles\x64\debug\circles.tlog\link.read.1.tlog
c:\users\hayde_tcy3gad\desktop\eichenplatte\.devstuff\githubrepos\tu_gpf_cpp\week5_structures\circles\x64\debug\circles.tlog\link.secondary.1.tlog
c:\users\hayde_tcy3gad\desktop\eichenplatte\.devstuff\githubrepos\tu_gpf_cpp\week5_structures\circles\x64\debug\circles.tlog\link.write.1.tlog
