c:\users\hayde_tcy3gad\desktop\eichenplatte\.devstuff\githubrepos\tsu_gameprogrammingfundimentals\week6_mazegame\maze\x64\debug\vc143.pdb
c:\users\hayde_tcy3gad\desktop\eichenplatte\.devstuff\githubrepos\tsu_gameprogrammingfundimentals\week6_mazegame\maze\x64\debug\vc143.idb
c:\users\hayde_tcy3gad\desktop\eichenplatte\.devstuff\githubrepos\tsu_gameprogrammingfundimentals\week6_mazegame\maze\x64\debug\main.obj
c:\users\hayde_tcy3gad\desktop\eichenplatte\.devstuff\githubrepos\tsu_gameprogrammingfundimentals\week6_mazegame\maze\x64\debug\framework.obj
c:\users\hayde_tcy3gad\desktop\eichenplatte\.devstuff\githubrepos\tsu_gameprogrammingfundimentals\week6_mazegame\x64\debug\maze.exe
c:\users\hayde_tcy3gad\desktop\eichenplatte\.devstuff\githubrepos\tsu_gameprogrammingfundimentals\week6_mazegame\x64\debug\maze.pdb
c:\users\hayde_tcy3gad\desktop\eichenplatte\.devstuff\githubrepos\tsu_gameprogrammingfundimentals\week6_mazegame\maze\x64\debug\maze.ilk
c:\users\hayde_tcy3gad\desktop\eichenplatte\.devstuff\githubrepos\tu_gpf_cpp\.mazegame\maze\x64\debug\framework.obj
c:\users\hayde_tcy3gad\desktop\eichenplatte\.devstuff\githubrepos\tu_gpf_cpp\.mazegame\maze\x64\debug\main.obj
c:\users\hayde_tcy3gad\desktop\eichenplatte\.devstuff\githubrepos\tu_gpf_cpp\.mazegame\maze\x64\debug\maze.ilk
c:\users\hayde_tcy3gad\desktop\eichenplatte\.devstuff\githubrepos\tu_gpf_cpp\.mazegame\maze\x64\debug\vc143.idb
c:\users\hayde_tcy3gad\desktop\eichenplatte\.devstuff\githubrepos\tu_gpf_cpp\.mazegame\maze\x64\debug\vc143.pdb
c:\users\hayde_tcy3gad\desktop\eichenplatte\.devstuff\githubrepos\tu_gpf_cpp\.mazegame\x64\debug\maze.pdb
c:\users\hayde_tcy3gad\desktop\eichenplatte\.devstuff\githubrepos\tu_gpf_cpp\.mazegame\x64\debug\maze.exe
c:\users\hayde_tcy3gad\desktop\eichenplatte\.devstuff\githubrepos\tu_gpf_cpp\.mazegame\maze\x64\debug\maze.tlog\cl.command.1.tlog
c:\users\hayde_tcy3gad\desktop\eichenplatte\.devstuff\githubrepos\tu_gpf_cpp\.mazegame\maze\x64\debug\maze.tlog\cl.items.tlog
c:\users\hayde_tcy3gad\desktop\eichenplatte\.devstuff\githubrepos\tu_gpf_cpp\.mazegame\maze\x64\debug\maze.tlog\cl.read.1.tlog
c:\users\hayde_tcy3gad\desktop\eichenplatte\.devstuff\githubrepos\tu_gpf_cpp\.mazegame\maze\x64\debug\maze.tlog\cl.write.1.tlog
c:\users\hayde_tcy3gad\desktop\eichenplatte\.devstuff\githubrepos\tu_gpf_cpp\.mazegame\maze\x64\debug\maze.tlog\link.command.1.tlog
c:\users\hayde_tcy3gad\desktop\eichenplatte\.devstuff\githubrepos\tu_gpf_cpp\.mazegame\maze\x64\debug\maze.tlog\link.read.1.tlog
c:\users\hayde_tcy3gad\desktop\eichenplatte\.devstuff\githubrepos\tu_gpf_cpp\.mazegame\maze\x64\debug\maze.tlog\link.secondary.1.tlog
c:\users\hayde_tcy3gad\desktop\eichenplatte\.devstuff\githubrepos\tu_gpf_cpp\.mazegame\maze\x64\debug\maze.tlog\link.write.1.tlog
