c:\users\hayde_tcy3gad\desktop\stuf i want on c drive but cant be assed putting in c drive so its on my desktop now\.devstuff\githubrepos\tsu_gameprogrammingfundimentals\week3_loops_arrays\week3\x64\debug\vc143.pdb
c:\users\hayde_tcy3gad\desktop\stuf i want on c drive but cant be assed putting in c drive so its on my desktop now\.devstuff\githubrepos\tsu_gameprogrammingfundimentals\week3_loops_arrays\week3\x64\debug\vc143.idb
c:\users\hayde_tcy3gad\desktop\stuf i want on c drive but cant be assed putting in c drive so its on my desktop now\.devstuff\githubrepos\tsu_gameprogrammingfundimentals\week3_loops_arrays\week3\x64\debug\week3.obj
c:\users\hayde_tcy3gad\desktop\stuf i want on c drive but cant be assed putting in c drive so its on my desktop now\.devstuff\githubrepos\tsu_gameprogrammingfundimentals\week3_loops_arrays\x64\debug\week3.exe
c:\users\hayde_tcy3gad\desktop\stuf i want on c drive but cant be assed putting in c drive so its on my desktop now\.devstuff\githubrepos\tsu_gameprogrammingfundimentals\week3_loops_arrays\x64\debug\week3.pdb
c:\users\hayde_tcy3gad\desktop\stuf i want on c drive but cant be assed putting in c drive so its on my desktop now\.devstuff\githubrepos\tsu_gameprogrammingfundimentals\week3_loops_arrays\week3\x64\debug\week3.ilk
c:\users\hayde_tcy3gad\desktop\eichenplatte\.devstuff\githubrepos\tu_gpf_cpp\week3_loops_arrays\week3\x64\debug\week1.obj
c:\users\hayde_tcy3gad\desktop\eichenplatte\.devstuff\githubrepos\tu_gpf_cpp\week3_loops_arrays\week3\x64\debug\week3.obj
c:\users\hayde_tcy3gad\desktop\eichenplatte\.devstuff\githubrepos\tu_gpf_cpp\week3_loops_arrays\week3\x64\debug\week1.ilk
c:\users\hayde_tcy3gad\desktop\eichenplatte\.devstuff\githubrepos\tu_gpf_cpp\week3_loops_arrays\week3\x64\debug\week3.ilk
c:\users\hayde_tcy3gad\desktop\eichenplatte\.devstuff\githubrepos\tu_gpf_cpp\week3_loops_arrays\week3\x64\debug\vc143.idb
c:\users\hayde_tcy3gad\desktop\eichenplatte\.devstuff\githubrepos\tu_gpf_cpp\week3_loops_arrays\week3\x64\debug\vc143.pdb
c:\users\hayde_tcy3gad\desktop\eichenplatte\.devstuff\githubrepos\tu_gpf_cpp\week3_loops_arrays\x64\debug\week3.pdb
c:\users\hayde_tcy3gad\desktop\eichenplatte\.devstuff\githubrepos\tu_gpf_cpp\week3_loops_arrays\x64\debug\week3.exe
c:\users\hayde_tcy3gad\desktop\eichenplatte\.devstuff\githubrepos\tu_gpf_cpp\week3_loops_arrays\week3\x64\debug\week3.tlog\cl.command.1.tlog
c:\users\hayde_tcy3gad\desktop\eichenplatte\.devstuff\githubrepos\tu_gpf_cpp\week3_loops_arrays\week3\x64\debug\week3.tlog\cl.items.tlog
c:\users\hayde_tcy3gad\desktop\eichenplatte\.devstuff\githubrepos\tu_gpf_cpp\week3_loops_arrays\week3\x64\debug\week3.tlog\cl.read.1.tlog
c:\users\hayde_tcy3gad\desktop\eichenplatte\.devstuff\githubrepos\tu_gpf_cpp\week3_loops_arrays\week3\x64\debug\week3.tlog\cl.write.1.tlog
c:\users\hayde_tcy3gad\desktop\eichenplatte\.devstuff\githubrepos\tu_gpf_cpp\week3_loops_arrays\week3\x64\debug\week3.tlog\link.command.1.tlog
c:\users\hayde_tcy3gad\desktop\eichenplatte\.devstuff\githubrepos\tu_gpf_cpp\week3_loops_arrays\week3\x64\debug\week3.tlog\link.read.1.tlog
c:\users\hayde_tcy3gad\desktop\eichenplatte\.devstuff\githubrepos\tu_gpf_cpp\week3_loops_arrays\week3\x64\debug\week3.tlog\link.secondary.1.tlog
c:\users\hayde_tcy3gad\desktop\eichenplatte\.devstuff\githubrepos\tu_gpf_cpp\week3_loops_arrays\week3\x64\debug\week3.tlog\link.write.1.tlog
