c:\users\f5064964\source\repos\week1\week1\x64\debug\vc143.pdb
c:\users\f5064964\source\repos\week1\week1\x64\debug\vc143.idb
c:\users\f5064964\source\repos\week1\week1\x64\debug\week1.obj
c:\users\f5064964\source\repos\week1\x64\debug\week1.exe
c:\users\f5064964\source\repos\week1\x64\debug\week1.pdb
c:\users\f5064964\source\repos\week1\week1\x64\debug\week1.ilk
c:\users\hayde_tcy3gad\desktop\eichenplatte\.devstuff\githubrepos\tu_gpf_cpp\week1_types_variables\week1\x64\debug\week1.obj
c:\users\hayde_tcy3gad\desktop\eichenplatte\.devstuff\githubrepos\tu_gpf_cpp\week1_types_variables\week1\x64\debug\week1.ilk
c:\users\hayde_tcy3gad\desktop\eichenplatte\.devstuff\githubrepos\tu_gpf_cpp\week1_types_variables\week1\x64\debug\vc143.idb
c:\users\hayde_tcy3gad\desktop\eichenplatte\.devstuff\githubrepos\tu_gpf_cpp\week1_types_variables\week1\x64\debug\vc143.pdb
c:\users\hayde_tcy3gad\desktop\eichenplatte\.devstuff\githubrepos\tu_gpf_cpp\week1_types_variables\x64\debug\week1.pdb
c:\users\hayde_tcy3gad\desktop\eichenplatte\.devstuff\githubrepos\tu_gpf_cpp\week1_types_variables\x64\debug\week1.exe
c:\users\hayde_tcy3gad\desktop\eichenplatte\.devstuff\githubrepos\tu_gpf_cpp\week1_types_variables\week1\x64\debug\week1.tlog\cl.command.1.tlog
c:\users\hayde_tcy3gad\desktop\eichenplatte\.devstuff\githubrepos\tu_gpf_cpp\week1_types_variables\week1\x64\debug\week1.tlog\cl.items.tlog
c:\users\hayde_tcy3gad\desktop\eichenplatte\.devstuff\githubrepos\tu_gpf_cpp\week1_types_variables\week1\x64\debug\week1.tlog\cl.read.1.tlog
c:\users\hayde_tcy3gad\desktop\eichenplatte\.devstuff\githubrepos\tu_gpf_cpp\week1_types_variables\week1\x64\debug\week1.tlog\cl.write.1.tlog
c:\users\hayde_tcy3gad\desktop\eichenplatte\.devstuff\githubrepos\tu_gpf_cpp\week1_types_variables\week1\x64\debug\week1.tlog\link.command.1.tlog
c:\users\hayde_tcy3gad\desktop\eichenplatte\.devstuff\githubrepos\tu_gpf_cpp\week1_types_variables\week1\x64\debug\week1.tlog\link.read.1.tlog
c:\users\hayde_tcy3gad\desktop\eichenplatte\.devstuff\githubrepos\tu_gpf_cpp\week1_types_variables\week1\x64\debug\week1.tlog\link.secondary.1.tlog
c:\users\hayde_tcy3gad\desktop\eichenplatte\.devstuff\githubrepos\tu_gpf_cpp\week1_types_variables\week1\x64\debug\week1.tlog\link.write.1.tlog
